# JRE version: OpenJDK Runtime Environment (11.0.12+7) (build 11.0.12+7-b1504.28-7817840)
# Java VM: OpenJDK 64-Bit Server VM (11.0.12+7-b1504.28-7817840, mixed mode, tiered, compressed oops, g1 gc, windows-amd64)
Heap:
 garbage-first heap   total 575488K, used 331776K [0x0000000080000000, 0x0000000100000000)
  region size 1024K, 47 young (48128K), 9 survivors (9216K)
 Metaspace       used 101893K, capacity 104765K, committed 104956K, reserved 1140736K
  class space    used 13012K, capacity 14137K, committed 14208K, reserved 1048576K
GC Heap History (20 events):
Event: 323.765 GC heap before
{Heap before GC invocations=113 (full 0):
 garbage-first heap   total 483328K, used 348672K [0x0000000080000000, 0x0000000100000000)
  region size 1024K, 113 young (115712K), 15 survivors (15360K)
 Metaspace       used 101785K, capacity 104736K, committed 104956K, reserved 1140736K
  class space    used 13010K, capacity 14137K, committed 14208K, reserved 1048576K
}
Event: 323.935 GC heap after
{Heap after GC invocations=114 (full 0):
 garbage-first heap   total 483328K, used 265216K [0x0000000080000000, 0x0000000100000000)
  region size 1024K, 15 young (15360K), 15 survivors (15360K)
 Metaspace       used 101785K, capacity 104736K, committed 104956K, reserved 1140736K
  class space    used 13010K, capacity 14137K, committed 14208K, reserved 1048576K
}
Event: 323.999 GC heap before
{Heap before GC invocations=114 (full 0):
 garbage-first heap   total 483328K, used 273408K [0x0000000080000000, 0x0000000100000000)
  region size 1024K, 23 young (23552K), 15 survivors (15360K)
 Metaspace       used 101785K, capacity 104736K, committed 104956K, reserved 1140736K
  class space    used 13010K, capacity 14137K, committed 14208K, reserved 1048576K
}
Event: 324.132 GC heap after
{Heap after GC invocations=115 (full 0):
 garbage-first heap   total 483328K, used 223232K [0x0000000080000000, 0x0000000100000000)
  region size 1024K, 2 young (2048K), 2 survivors (2048K)
 Metaspace       used 101785K, capacity 104736K, committed 104956K, reserved 1140736K
  class space    used 13010K, capacity 14137K, committed 14208K, reserved 1048576K
}
Event: 324.275 GC heap before
{Heap before GC invocations=115 (full 0):
 garbage-first heap   total 483328K, used 244736K [0x0000000080000000, 0x0000000100000000)
  region size 1024K, 23 young (23552K), 2 survivors (2048K)
 Metaspace       used 101786K, capacity 104736K, committed 104956K, reserved 1140736K
  class space    used 13010K, capacity 14137K, committed 14208K, reserved 1048576K
}
Event: 324.355 GC heap after
{Heap after GC invocations=116 (full 0):
 garbage-first heap   total 483328K, used 217600K [0x0000000080000000, 0x0000000100000000)
  region size 1024K, 3 young (3072K), 3 survivors (3072K)
 Metaspace       used 101786K, capacity 104736K, committed 104956K, reserved 1140736K
  class space    used 13010K, capacity 14137K, committed 14208K, reserved 1048576K
}
Event: 325.002 GC heap before
{Heap before GC invocations=116 (full 0):
 garbage-first heap   total 483328K, used 242176K [0x0000000080000000, 0x0000000100000000)
  region size 1024K, 23 young (23552K), 3 survivors (3072K)
 Metaspace       used 101848K, capacity 104762K, committed 104956K, reserved 1140736K
  class space    used 13010K, capacity 14137K, committed 14208K, reserved 1048576K
}
Event: 325.074 GC heap after
{Heap after GC invocations=117 (full 0):
 garbage-first heap   total 483328K, used 223232K [0x0000000080000000, 0x0000000100000000)
  region size 1024K, 3 young (3072K), 3 survivors (3072K)
 Metaspace       used 101848K, capacity 104762K, committed 104956K, reserved 1140736K
  class space    used 13010K, capacity 14137K, committed 14208K, reserved 1048576K
}
Event: 327.184 GC heap before
{Heap before GC invocations=117 (full 0):
 garbage-first heap   total 483328K, used 342016K [0x0000000080000000, 0x0000000100000000)
  region size 1024K, 118 young (120832K), 3 survivors (3072K)
 Metaspace       used 101867K, capacity 104764K, committed 104956K, reserved 1140736K
  class space    used 13011K, capacity 14137K, committed 14208K, reserved 1048576K
}
Event: 327.400 GC heap after
{Heap after GC invocations=118 (full 0):
 garbage-first heap   total 483328K, used 248832K [0x0000000080000000, 0x0000000100000000)
  region size 1024K, 15 young (15360K), 15 survivors (15360K)
 Metaspace       used 101867K, capacity 104764K, committed 104956K, reserved 1140736K
  class space    used 13011K, capacity 14137K, committed 14208K, reserved 1048576K
}
Event: 327.713 GC heap before
{Heap before GC invocations=118 (full 0):
 garbage-first heap   total 483328K, used 260096K [0x0000000080000000, 0x0000000100000000)
  region size 1024K, 27 young (27648K), 15 survivors (15360K)
 Metaspace       used 101883K, capacity 104765K, committed 104956K, reserved 1140736K
  class space    used 13012K, capacity 14137K, committed 14208K, reserved 1048576K
}
Event: 327.893 GC heap after
{Heap after GC invocations=119 (full 0):
 garbage-first heap   total 483328K, used 251904K [0x0000000080000000, 0x0000000100000000)
  region size 1024K, 3 young (3072K), 3 survivors (3072K)
 Metaspace       used 101883K, capacity 104765K, committed 104956K, reserved 1140736K
  class space    used 13012K, capacity 14137K, committed 14208K, reserved 1048576K
}
Event: 328.409 GC heap before
{Heap before GC invocations=119 (full 0):
 garbage-first heap   total 483328K, used 293888K [0x0000000080000000, 0x0000000100000000)
  region size 1024K, 44 young (45056K), 3 survivors (3072K)
 Metaspace       used 101892K, capacity 104765K, committed 104956K, reserved 1140736K
  class space    used 13012K, capacity 14137K, committed 14208K, reserved 1048576K
}
Event: 328.466 GC heap after
{Heap after GC invocations=120 (full 0):
 garbage-first heap   total 483328K, used 259072K [0x0000000080000000, 0x0000000100000000)
  region size 1024K, 6 young (6144K), 6 survivors (6144K)
 Metaspace       used 101892K, capacity 104765K, committed 104956K, reserved 1140736K
  class space    used 13012K, capacity 14137K, committed 14208K, reserved 1048576K
}
Event: 329.325 GC heap before
{Heap before GC invocations=120 (full 0):
 garbage-first heap   total 483328K, used 307200K [0x0000000080000000, 0x0000000100000000)
  region size 1024K, 54 young (55296K), 6 survivors (6144K)
 Metaspace       used 101892K, capacity 104765K, committed 104956K, reserved 1140736K
  class space    used 13012K, capacity 14137K, committed 14208K, reserved 1048576K
}
Event: 329.392 GC heap after
{Heap after GC invocations=121 (full 0):
 garbage-first heap   total 483328K, used 269824K [0x0000000080000000, 0x0000000100000000)
  region size 1024K, 7 young (7168K), 7 survivors (7168K)
 Metaspace       used 101892K, capacity 104765K, committed 104956K, reserved 1140736K
  class space    used 13012K, capacity 14137K, committed 14208K, reserved 1048576K
}
Event: 332.050 GC heap before
{Heap before GC invocations=121 (full 0):
 garbage-first heap   total 483328K, used 325120K [0x0000000080000000, 0x0000000100000000)
  region size 1024K, 62 young (63488K), 7 survivors (7168K)
 Metaspace       used 101892K, capacity 104765K, committed 104956K, reserved 1140736K
  class space    used 13012K, capacity 14137K, committed 14208K, reserved 1048576K
}
Event: 332.115 GC heap after
{Heap after GC invocations=122 (full 0):
 garbage-first heap   total 575488K, used 281600K [0x0000000080000000, 0x0000000100000000)
  region size 1024K, 8 young (8192K), 8 survivors (8192K)
 Metaspace       used 101892K, capacity 104765K, committed 104956K, reserved 1140736K
  class space    used 13012K, capacity 14137K, committed 14208K, reserved 1048576K
}
Event: 332.757 GC heap before
{Heap before GC invocations=122 (full 0):
 garbage-first heap   total 575488K, used 344064K [0x0000000080000000, 0x0000000100000000)
  region size 1024K, 70 young (71680K), 8 survivors (8192K)
 Metaspace       used 101893K, capacity 104765K, committed 104956K, reserved 1140736K
  class space    used 13012K, capacity 14137K, committed 14208K, reserved 1048576K
}
Event: 332.843 GC heap after
{Heap after GC invocations=123 (full 0):
 garbage-first heap   total 575488K, used 293888K [0x0000000080000000, 0x0000000100000000)
  region size 1024K, 9 young (9216K), 9 survivors (9216K)
 Metaspace       used 101893K, capacity 104765K, committed 104956K, reserved 1140736K
  class space    used 13012K, capacity 14137K, committed 14208K, reserved 1048576K
}

