# JRE version: OpenJDK Runtime Environment (11.0.12+7) (build 11.0.12+7-b1504.28-7817840)
# Java VM: OpenJDK 64-Bit Server VM (11.0.12+7-b1504.28-7817840, mixed mode, tiered, compressed oops, g1 gc, windows-amd64)
Heap:
 garbage-first heap   total 587776K, used 319638K [0x0000000080000000, 0x0000000100000000)
  region size 1024K, 54 young (55296K), 5 survivors (5120K)
 Metaspace       used 102377K, capacity 104936K, committed 106112K, reserved 1140736K
  class space    used 12927K, capacity 13846K, committed 14284K, reserved 1048576K
GC Heap History (20 events):
Event: 5932.130 GC heap before
{Heap before GC invocations=142 (full 0):
 garbage-first heap   total 423936K, used 296666K [0x0000000080000000, 0x0000000100000000)
  region size 1024K, 73 young (74752K), 7 survivors (7168K)
 Metaspace       used 102367K, capacity 104933K, committed 106112K, reserved 1140736K
  class space    used 12926K, capacity 13845K, committed 14284K, reserved 1048576K
}
Event: 5932.154 GC heap after
{Heap after GC invocations=143 (full 0):
 garbage-first heap   total 423936K, used 238592K [0x0000000080000000, 0x0000000100000000)
  region size 1024K, 9 young (9216K), 9 survivors (9216K)
 Metaspace       used 102367K, capacity 104933K, committed 106112K, reserved 1140736K
  class space    used 12926K, capacity 13845K, committed 14284K, reserved 1048576K
}
Event: 5932.723 GC heap before
{Heap before GC invocations=143 (full 0):
 garbage-first heap   total 423936K, used 312320K [0x0000000080000000, 0x0000000100000000)
  region size 1024K, 76 young (77824K), 9 survivors (9216K)
 Metaspace       used 102367K, capacity 104933K, committed 106112K, reserved 1140736K
  class space    used 12926K, capacity 13845K, committed 14284K, reserved 1048576K
}
Event: 5932.752 GC heap after
{Heap after GC invocations=144 (full 0):
 garbage-first heap   total 423936K, used 250368K [0x0000000080000000, 0x0000000100000000)
  region size 1024K, 10 young (10240K), 10 survivors (10240K)
 Metaspace       used 102367K, capacity 104933K, committed 106112K, reserved 1140736K
  class space    used 12926K, capacity 13845K, committed 14284K, reserved 1048576K
}
Event: 5932.944 GC heap before
{Heap before GC invocations=145 (full 0):
 garbage-first heap   total 423936K, used 289280K [0x0000000080000000, 0x0000000100000000)
  region size 1024K, 49 young (50176K), 10 survivors (10240K)
 Metaspace       used 102367K, capacity 104933K, committed 106112K, reserved 1140736K
  class space    used 12926K, capacity 13845K, committed 14284K, reserved 1048576K
}
Event: 5932.958 GC heap after
{Heap after GC invocations=146 (full 0):
 garbage-first heap   total 423936K, used 256000K [0x0000000080000000, 0x0000000100000000)
  region size 1024K, 6 young (6144K), 6 survivors (6144K)
 Metaspace       used 102367K, capacity 104933K, committed 106112K, reserved 1140736K
  class space    used 12926K, capacity 13845K, committed 14284K, reserved 1048576K
}
Event: 5933.353 GC heap before
{Heap before GC invocations=146 (full 0):
 garbage-first heap   total 423936K, used 318464K [0x0000000080000000, 0x0000000100000000)
  region size 1024K, 67 young (68608K), 6 survivors (6144K)
 Metaspace       used 102367K, capacity 104933K, committed 106112K, reserved 1140736K
  class space    used 12926K, capacity 13845K, committed 14284K, reserved 1048576K
}
Event: 5933.386 GC heap after
{Heap after GC invocations=147 (full 0):
 garbage-first heap   total 587776K, used 265216K [0x0000000080000000, 0x0000000100000000)
  region size 1024K, 9 young (9216K), 9 survivors (9216K)
 Metaspace       used 102367K, capacity 104933K, committed 106112K, reserved 1140736K
  class space    used 12926K, capacity 13845K, committed 14284K, reserved 1048576K
}
Event: 5933.820 GC heap before
{Heap before GC invocations=148 (full 0):
 garbage-first heap   total 587776K, used 299008K [0x0000000080000000, 0x0000000100000000)
  region size 1024K, 43 young (44032K), 9 survivors (9216K)
 Metaspace       used 102367K, capacity 104933K, committed 106112K, reserved 1140736K
  class space    used 12926K, capacity 13845K, committed 14284K, reserved 1048576K
}
Event: 5933.838 GC heap after
{Heap after GC invocations=149 (full 0):
 garbage-first heap   total 587776K, used 269824K [0x0000000080000000, 0x0000000100000000)
  region size 1024K, 5 young (5120K), 5 survivors (5120K)
 Metaspace       used 102367K, capacity 104933K, committed 106112K, reserved 1140736K
  class space    used 12926K, capacity 13845K, committed 14284K, reserved 1048576K
}
Event: 5934.683 GC heap before
{Heap before GC invocations=150 (full 0):
 garbage-first heap   total 587776K, used 270848K [0x0000000080000000, 0x0000000100000000)
  region size 1024K, 5 young (5120K), 5 survivors (5120K)
 Metaspace       used 102367K, capacity 104933K, committed 106112K, reserved 1140736K
  class space    used 12926K, capacity 13845K, committed 14284K, reserved 1048576K
}
Event: 5934.693 GC heap after
{Heap after GC invocations=151 (full 0):
 garbage-first heap   total 587776K, used 270848K [0x0000000080000000, 0x0000000100000000)
  region size 1024K, 5 young (5120K), 5 survivors (5120K)
 Metaspace       used 102367K, capacity 104933K, committed 106112K, reserved 1140736K
  class space    used 12926K, capacity 13845K, committed 14284K, reserved 1048576K
}
Event: 5935.466 GC heap before
{Heap before GC invocations=152 (full 0):
 garbage-first heap   total 587776K, used 293376K [0x0000000080000000, 0x0000000100000000)
  region size 1024K, 18 young (18432K), 5 survivors (5120K)
 Metaspace       used 102367K, capacity 104933K, committed 106112K, reserved 1140736K
  class space    used 12926K, capacity 13845K, committed 14284K, reserved 1048576K
}
Event: 5935.478 GC heap after
{Heap after GC invocations=153 (full 0):
 garbage-first heap   total 587776K, used 275312K [0x0000000080000000, 0x0000000100000000)
  region size 1024K, 6 young (6144K), 6 survivors (6144K)
 Metaspace       used 102367K, capacity 104933K, committed 106112K, reserved 1140736K
  class space    used 12926K, capacity 13845K, committed 14284K, reserved 1048576K
}
Event: 5936.371 GC heap before
{Heap before GC invocations=154 (full 0):
 garbage-first heap   total 587776K, used 326512K [0x0000000080000000, 0x0000000100000000)
  region size 1024K, 32 young (32768K), 6 survivors (6144K)
 Metaspace       used 102367K, capacity 104933K, committed 106112K, reserved 1140736K
  class space    used 12926K, capacity 13845K, committed 14284K, reserved 1048576K
}
Event: 5936.386 GC heap after
{Heap after GC invocations=155 (full 0):
 garbage-first heap   total 587776K, used 281544K [0x0000000080000000, 0x0000000100000000)
  region size 1024K, 8 young (8192K), 8 survivors (8192K)
 Metaspace       used 102367K, capacity 104933K, committed 106112K, reserved 1140736K
  class space    used 12926K, capacity 13845K, committed 14284K, reserved 1048576K
}
Event: 5938.003 GC heap before
{Heap before GC invocations=156 (full 0):
 garbage-first heap   total 587776K, used 405448K [0x0000000080000000, 0x0000000100000000)
  region size 1024K, 117 young (119808K), 8 survivors (8192K)
 Metaspace       used 102372K, capacity 104933K, committed 106112K, reserved 1140736K
  class space    used 12926K, capacity 13845K, committed 14284K, reserved 1048576K
}
Event: 5938.035 GC heap after
{Heap after GC invocations=157 (full 0):
 garbage-first heap   total 587776K, used 287183K [0x0000000080000000, 0x0000000100000000)
  region size 1024K, 12 young (12288K), 12 survivors (12288K)
 Metaspace       used 102372K, capacity 104933K, committed 106112K, reserved 1140736K
  class space    used 12926K, capacity 13845K, committed 14284K, reserved 1048576K
}
Event: 5938.981 GC heap before
{Heap before GC invocations=158 (full 0):
 garbage-first heap   total 587776K, used 431567K [0x0000000080000000, 0x0000000100000000)
  region size 1024K, 146 young (149504K), 12 survivors (12288K)
 Metaspace       used 102376K, capacity 104936K, committed 106112K, reserved 1140736K
  class space    used 12927K, capacity 13846K, committed 14284K, reserved 1048576K
}
Event: 5938.998 GC heap after
{Heap after GC invocations=159 (full 0):
 garbage-first heap   total 587776K, used 270358K [0x0000000080000000, 0x0000000100000000)
  region size 1024K, 5 young (5120K), 5 survivors (5120K)
 Metaspace       used 102376K, capacity 104936K, committed 106112K, reserved 1140736K
  class space    used 12927K, capacity 13846K, committed 14284K, reserved 1048576K
}

